[16:27:52] [Client thread/INFO]: Setting user: Player551
[16:27:54] [Client thread/INFO]: LWJGL Version: 2.9.1
[16:27:57] [Client thread/INFO]: Reloading ResourceManager: Default, FMLFileResourcePack:Forge Mod Loader, FMLFileResourcePack:Minecraft Forge, FMLFileResourcePack:Example Mod
[16:27:57] [Sound Library Loader/INFO]: Starting up SoundSystem...
[16:27:58] [Thread-7/INFO]: Initializing LWJGL OpenAL
[16:27:58] [Thread-7/INFO]: (The LWJGL binding of OpenAL.  For more information, see http://www.lwjgl.org)
[16:27:58] [Thread-7/INFO]: OpenAL initialized.
[16:27:58] [Sound Library Loader/INFO]: Sound engine started
[16:27:59] [Client thread/INFO]: Created: 512x512 textures-atlas
[16:28:00] [Client thread/INFO]: Reloading ResourceManager: Default, FMLFileResourcePack:Forge Mod Loader, FMLFileResourcePack:Minecraft Forge, FMLFileResourcePack:Example Mod
[16:28:00] [Client thread/INFO]: SoundSystem shutting down...
[16:28:00] [Client thread/WARN]: Author: Paul Lamb, www.paulscode.com
[16:28:00] [Sound Library Loader/INFO]: Starting up SoundSystem...
[16:28:00] [Thread-9/INFO]: Initializing LWJGL OpenAL
[16:28:00] [Thread-9/INFO]: (The LWJGL binding of OpenAL.  For more information, see http://www.lwjgl.org)
[16:28:00] [Thread-9/INFO]: OpenAL initialized.
[16:28:00] [Sound Library Loader/INFO]: Sound engine started
[16:28:01] [Client thread/INFO]: Created: 512x512 textures-atlas
[16:28:16] [Client thread/INFO]: Stopping!
[16:28:16] [Client thread/INFO]: SoundSystem shutting down...
[16:28:16] [Client thread/WARN]: Author: Paul Lamb, www.paulscode.com
